{"level":"info","message":"Hello from Acquisitions API","service":"acquisitions-api"}
{"level":"info","message":"::1 - - [04/Nov/2025:13:41:04 +0000] \"GET / HTTP/1.1\" 200 27 \"-\" \"Mozilla/5.0 (Windows NT 10.0; Win64; x64) AppleWebKit/537.36 (KHTML, like Gecko) Chrome/142.0.0.0 Safari/537.36\"","service":"acquisitions-api"}
{"level":"info","message":"::1 - - [04/Nov/2025:13:41:04 +0000] \"GET /favicon.ico HTTP/1.1\" 404 150 \"-\" \"Mozilla/5.0 (Windows NT 10.0; Win64; x64) AppleWebKit/537.36 (KHTML, like Gecko) Chrome/142.0.0.0 Safari/537.36\"","service":"acquisitions-api"}
{"level":"info","message":"Hello from Acquisitions API","service":"acquisitions-api"}
{"level":"info","message":"::1 - - [06/Nov/2025:16:01:25 +0000] \"GET / HTTP/1.1\" 200 27 \"-\" \"Mozilla/5.0 (Windows NT 10.0; Win64; x64) AppleWebKit/537.36 (KHTML, like Gecko) Chrome/142.0.0.0 Safari/537.36\"","service":"acquisitions-api"}
{"level":"info","message":"::1 - - [06/Nov/2025:16:01:25 +0000] \"GET /favicon.ico HTTP/1.1\" 404 150 \"-\" \"Mozilla/5.0 (Windows NT 10.0; Win64; x64) AppleWebKit/537.36 (KHTML, like Gecko) Chrome/142.0.0.0 Safari/537.36\"","service":"acquisitions-api"}
{"level":"info","message":"Hello from Acquisitions API","service":"acquisitions-api"}
{"level":"info","message":"::1 - - [06/Nov/2025:16:03:21 +0000] \"GET / HTTP/1.1\" 200 27 \"-\" \"HTTPie\"","service":"acquisitions-api"}
{"level":"info","message":"::1 - - [06/Nov/2025:16:03:56 +0000] \"GET /api HTTP/1.1\" 200 39 \"-\" \"HTTPie\"","service":"acquisitions-api"}
{"level":"info","message":"::1 - - [06/Nov/2025:16:04:07 +0000] \"GET /health HTTP/1.1\" 200 75 \"-\" \"HTTPie\"","service":"acquisitions-api"}
{"level":"info","message":"::1 - - [06/Nov/2025:16:04:24 +0000] \"POST /api/auth/sign-in HTTP/1.1\" 200 31 \"-\" \"HTTPie\"","service":"acquisitions-api"}
{"level":"info","message":"::1 - - [11/Nov/2025:08:26:24 +0000] \"POST /api/auth/sign-up HTTP/1.1\" 200 31 \"-\" \"HTTPie\"","service":"acquisitions-api"}
{"level":"info","message":"::1 - - [11/Nov/2025:09:43:53 +0000] \"POST /api/auth/sign-up HTTP/1.1\" 500 1396 \"-\" \"HTTPie\"","service":"acquisitions-api"}
{"level":"info","message":"::1 - - [11/Nov/2025:09:45:36 +0000] \"POST /api/auth/sign-up HTTP/1.1\" 400 92 \"-\" \"HTTPie\"","service":"acquisitions-api"}
{"level":"info","message":"::1 - - [11/Nov/2025:10:14:10 +0000] \"POST /api/auth/sign-up HTTP/1.1\" 400 144 \"-\" \"HTTPie\"","service":"acquisitions-api"}
{"level":"info","message":"::1 - - [11/Nov/2025:10:14:24 +0000] \"POST /api/auth/sign-up HTTP/1.1\" 400 144 \"-\" \"HTTPie\"","service":"acquisitions-api"}
{"level":"info","message":"::1 - - [11/Nov/2025:10:14:50 +0000] \"POST /api/auth/sign-up HTTP/1.1\" 400 92 \"-\" \"HTTPie\"","service":"acquisitions-api"}
{"level":"info","message":"::1 - - [11/Nov/2025:10:15:07 +0000] \"POST /api/auth/sign-up HTTP/1.1\" 400 92 \"-\" \"HTTPie\"","service":"acquisitions-api"}
{"level":"info","message":"::1 - - [11/Nov/2025:10:15:15 +0000] \"POST /api/auth/sign-up HTTP/1.1\" 500 1396 \"-\" \"HTTPie\"","service":"acquisitions-api"}
{"level":"info","message":"::1 - - [11/Nov/2025:10:16:22 +0000] \"POST /api/auth/sign-up HTTP/1.1\" 500 1396 \"-\" \"HTTPie\"","service":"acquisitions-api"}
{"level":"info","message":"::1 - - [11/Nov/2025:10:16:32 +0000] \"POST /api/auth/sign-up HTTP/1.1\" 500 1396 \"-\" \"HTTPie\"","service":"acquisitions-api"}
{"level":"info","message":"::1 - - [11/Nov/2025:10:18:42 +0000] \"POST /api/auth/sign-up HTTP/1.1\" 500 1396 \"-\" \"HTTPie\"","service":"acquisitions-api"}
{"level":"info","message":"::1 - - [11/Nov/2025:10:19:14 +0000] \"POST /api/auth/sign-up HTTP/1.1\" 500 1396 \"-\" \"HTTPie\"","service":"acquisitions-api"}
{"level":"info","message":"::1 - - [11/Nov/2025:10:19:19 +0000] \"POST /api/auth/sign-up HTTP/1.1\" 500 1396 \"-\" \"HTTPie\"","service":"acquisitions-api"}
{"level":"info","message":"User created successfully","service":"acquisitions-api","user":{"email":"matthias@gmail.com","id":1,"name":"Matthias","role":"user"}}
{"level":"info","message":"::1 - - [11/Nov/2025:10:20:31 +0000] \"POST /api/auth/sign-up HTTP/1.1\" 201 116 \"-\" \"HTTPie\"","service":"acquisitions-api"}
{"level":"info","message":"::1 - - [11/Nov/2025:10:21:25 +0000] \"POST /api/auth/sign-up HTTP/1.1\" 500 1396 \"-\" \"HTTPie\"","service":"acquisitions-api"}
{"level":"info","message":"::1 - - [11/Nov/2025:10:22:29 +0000] \"POST /api/auth/sign-up HTTP/1.1\" 500 1396 \"-\" \"HTTPie\"","service":"acquisitions-api"}
{"level":"info","message":"User registered successfully: {error}","service":"acquisitions-api"}
{"level":"info","message":"::1 - - [11/Nov/2025:10:23:17 +0000] \"POST /api/auth/sign-up HTTP/1.1\" 500 1395 \"-\" \"HTTPie\"","service":"acquisitions-api"}
{"level":"info","message":"User registered successfully: {error}","service":"acquisitions-api"}
{"level":"info","message":"::1 - - [11/Nov/2025:10:23:18 +0000] \"POST /api/auth/sign-up HTTP/1.1\" 500 1395 \"-\" \"HTTPie\"","service":"acquisitions-api"}
{"level":"info","message":"User registered successfully: {error}","service":"acquisitions-api"}
{"level":"info","message":"::1 - - [11/Nov/2025:10:23:35 +0000] \"POST /api/auth/sign-up HTTP/1.1\" 500 1395 \"-\" \"HTTPie\"","service":"acquisitions-api"}
{"level":"info","message":"::1 - - [11/Nov/2025:10:24:10 +0000] \"POST /api/auth/sign-up HTTP/1.1\" 201 116 \"-\" \"HTTPie\"","service":"acquisitions-api"}
{"level":"info","message":"User created successfully: [object Object]","service":"acquisitions-api"}
{"level":"info","message":"User registered successfully: {error}","service":"acquisitions-api"}
{"level":"info","message":"::1 - - [12/Nov/2025:14:21:46 +0000] \"POST /api/auth/sign-up HTTP/1.1\" 500 389 \"-\" \"HTTPie\"","service":"acquisitions-api"}
{"level":"error","message":"Error creating user: Error: User with this email already exists","service":"acquisitions-api"}
{"level":"info","message":"User registered successfully: {error}","service":"acquisitions-api"}
{"level":"info","message":"::1 - - [12/Nov/2025:14:22:23 +0000] \"POST /api/auth/sign-up HTTP/1.1\" 500 512 \"-\" \"HTTPie\"","service":"acquisitions-api"}
{"level":"error","message":"Error creating user: Error: User with this email already exists","service":"acquisitions-api"}
{"level":"info","message":"User registered successfully: {error}","service":"acquisitions-api"}
{"level":"info","message":"::1 - - [12/Nov/2025:14:22:39 +0000] \"POST /api/auth/sign-up HTTP/1.1\" 500 512 \"-\" \"HTTPie\"","service":"acquisitions-api"}
{"level":"error","message":"Error creating user: Error: User with this email already exists","service":"acquisitions-api"}
{"level":"info","message":"User registered successfully: {error}","service":"acquisitions-api"}
{"level":"info","message":"::1 - - [12/Nov/2025:14:22:45 +0000] \"POST /api/auth/sign-up HTTP/1.1\" 500 512 \"-\" \"HTTPie\"","service":"acquisitions-api"}
{"level":"info","message":"User created successfully: [object Object]","service":"acquisitions-api"}
{"level":"info","message":"::1 - - [12/Nov/2025:14:23:18 +0000] \"POST /api/auth/sign-up HTTP/1.1\" 201 109 \"-\" \"HTTPie\"","service":"acquisitions-api"}
